<object-stream>
<org.drools.core.audit.WorkingMemoryLog>
  <version>6.1</version>
  <events>
    <org.drools.core.audit.event.ObjectLogEvent>
      <type>1</type>
      <factId>1</factId>
      <objectToString>Order{id=&apos;Order-001&apos;, totalAmount=120.0, processed=false, discount=0.0}</objectToString>
    </org.drools.core.audit.event.ObjectLogEvent>
    <org.drools.core.audit.event.ActivationLogEvent>
      <type>4</type>
      <activationId>Apply Discount to High Value Orders [1]</activationId>
      <rule>Apply Discount to High Value Orders</rule>
      <declarations>$order=Order{id=&apos;Order-001&apos;, totalAmount=120.0, processed=false, discount=0.0}</declarations>
      <factHandleIds>1</factHandleIds>
    </org.drools.core.audit.event.ActivationLogEvent>
    <org.drools.core.audit.event.ActivationLogEvent>
      <type>6</type>
      <activationId>Apply Discount to High Value Orders [1]</activationId>
      <rule>Apply Discount to High Value Orders</rule>
      <declarations>$order=Order{id=&apos;Order-001&apos;, totalAmount=120.0, processed=false, discount=0.0}</declarations>
      <factHandleIds>1</factHandleIds>
    </org.drools.core.audit.event.ActivationLogEvent>
    <org.drools.core.audit.event.ObjectLogEvent>
      <type>2</type>
      <factId>1</factId>
      <objectToString>Order{id=&apos;Order-001&apos;, totalAmount=120.0, processed=false, discount=-5.0}</objectToString>
    </org.drools.core.audit.event.ObjectLogEvent>
    <org.drools.core.audit.event.ActivationLogEvent>
      <type>7</type>
      <activationId>Apply Discount to High Value Orders [1]</activationId>
      <rule>Apply Discount to High Value Orders</rule>
      <declarations>$order=Order{id=&apos;Order-001&apos;, totalAmount=120.0, processed=false, discount=-5.0}</declarations>
      <factHandleIds>1</factHandleIds>
    </org.drools.core.audit.event.ActivationLogEvent>
    <org.drools.core.audit.event.ActivationLogEvent>
      <type>4</type>
      <activationId>Debug Rule - Unexpected [1]</activationId>
      <rule>Debug Rule - Unexpected</rule>
      <declarations>$order=Order{id=&apos;Order-001&apos;, totalAmount=120.0, processed=false, discount=-5.0}</declarations>
      <factHandleIds>1</factHandleIds>
    </org.drools.core.audit.event.ActivationLogEvent>
    <org.drools.core.audit.event.ActivationLogEvent>
      <type>6</type>
      <activationId>Debug Rule - Unexpected [1]</activationId>
      <rule>Debug Rule - Unexpected</rule>
      <declarations>$order=Order{id=&apos;Order-001&apos;, totalAmount=120.0, processed=false, discount=-5.0}</declarations>
      <factHandleIds>1</factHandleIds>
    </org.drools.core.audit.event.ActivationLogEvent>
    <org.drools.core.audit.event.ActivationLogEvent>
      <type>7</type>
      <activationId>Debug Rule - Unexpected [1]</activationId>
      <rule>Debug Rule - Unexpected</rule>
      <declarations>$order=Order{id=&apos;Order-001&apos;, totalAmount=120.0, processed=false, discount=-5.0}</declarations>
      <factHandleIds>1</factHandleIds>
    </org.drools.core.audit.event.ActivationLogEvent>
  </events>
</org.drools.core.audit.WorkingMemoryLog>
</object-stream>
